c:\users\preston\source\repos\lab_6e_pick_a_winner\lab_6e_pick_a_winner\x64\debug\vc143.pdb
c:\users\preston\source\repos\lab_6e_pick_a_winner\lab_6e_pick_a_winner\x64\debug\vc143.idb
c:\users\preston\source\repos\lab_6e_pick_a_winner\lab_6e_pick_a_winner\x64\debug\source.obj
c:\users\preston\source\repos\lab_6e_pick_a_winner\x64\debug\lab_6e_pick_a_winner.pdb
c:\users\preston\source\repos\lab_6e_pick_a_winner\lab_6e_pick_a_winner\x64\debug\lab_6e_p.be30ba0f.tlog\cl.command.1.tlog
c:\users\preston\source\repos\lab_6e_pick_a_winner\lab_6e_pick_a_winner\x64\debug\lab_6e_p.be30ba0f.tlog\cl.read.1.tlog
c:\users\preston\source\repos\lab_6e_pick_a_winner\lab_6e_pick_a_winner\x64\debug\lab_6e_p.be30ba0f.tlog\cl.write.1.tlog
c:\users\preston\source\repos\lab_6e_pick_a_winner\lab_6e_pick_a_winner\x64\debug\lab_6e_p.be30ba0f.tlog\link-cvtres.read.1.tlog
c:\users\preston\source\repos\lab_6e_pick_a_winner\lab_6e_pick_a_winner\x64\debug\lab_6e_p.be30ba0f.tlog\link-cvtres.write.1.tlog
c:\users\preston\source\repos\lab_6e_pick_a_winner\lab_6e_pick_a_winner\x64\debug\lab_6e_p.be30ba0f.tlog\link-rc.read.1.tlog
c:\users\preston\source\repos\lab_6e_pick_a_winner\lab_6e_pick_a_winner\x64\debug\lab_6e_p.be30ba0f.tlog\link-rc.write.1.tlog
c:\users\preston\source\repos\lab_6e_pick_a_winner\lab_6e_pick_a_winner\x64\debug\lab_6e_p.be30ba0f.tlog\link.58112-cvtres.read.1.tlog
c:\users\preston\source\repos\lab_6e_pick_a_winner\lab_6e_pick_a_winner\x64\debug\lab_6e_p.be30ba0f.tlog\link.58112-cvtres.write.1.tlog
c:\users\preston\source\repos\lab_6e_pick_a_winner\lab_6e_pick_a_winner\x64\debug\lab_6e_p.be30ba0f.tlog\link.58112-rc.read.1.tlog
c:\users\preston\source\repos\lab_6e_pick_a_winner\lab_6e_pick_a_winner\x64\debug\lab_6e_p.be30ba0f.tlog\link.58112-rc.write.1.tlog
c:\users\preston\source\repos\lab_6e_pick_a_winner\lab_6e_pick_a_winner\x64\debug\lab_6e_p.be30ba0f.tlog\link.58112.read.1.tlog
c:\users\preston\source\repos\lab_6e_pick_a_winner\lab_6e_pick_a_winner\x64\debug\lab_6e_p.be30ba0f.tlog\link.58112.read.3.tlog
c:\users\preston\source\repos\lab_6e_pick_a_winner\lab_6e_pick_a_winner\x64\debug\lab_6e_p.be30ba0f.tlog\link.58112.write.1.tlog
c:\users\preston\source\repos\lab_6e_pick_a_winner\lab_6e_pick_a_winner\x64\debug\lab_6e_p.be30ba0f.tlog\link.command.1.tlog
c:\users\preston\source\repos\lab_6e_pick_a_winner\lab_6e_pick_a_winner\x64\debug\lab_6e_p.be30ba0f.tlog\link.read.1.tlog
c:\users\preston\source\repos\lab_6e_pick_a_winner\lab_6e_pick_a_winner\x64\debug\lab_6e_p.be30ba0f.tlog\link.read.2.tlog
c:\users\preston\source\repos\lab_6e_pick_a_winner\lab_6e_pick_a_winner\x64\debug\lab_6e_p.be30ba0f.tlog\link.read.3.tlog
c:\users\preston\source\repos\lab_6e_pick_a_winner\lab_6e_pick_a_winner\x64\debug\lab_6e_p.be30ba0f.tlog\link.write.1.tlog
